
1408315952,Radio,169,2437,1152,Probe,9c:d2:1e:80:6f:07,Samsung Galaxy S II_1163

1408315952,Radio,168,2437,1152,Probe,9c:d2:1e:80:6f:07,BROADCAST

1408315952,Radio,169,2437,1152,Probe,9c:d2:1e:80:6f:07,Samsung Galaxy S II_1163

1408315952,Radio,168,2437,1152,Probe,9c:d2:1e:80:6f:07,BROADCAST

1408315952,Radio,170,2437,1152,Data,01:80:c2:00:00:00,08:86:3b:72:e8:3e

1408315952,Radio,208,2437,1152,Data,60:92:17:96:6f:60,ec:1a:59:0a:ff:58

1408315952,Radio,208,2437,1152,Data,60:92:17:96:6f:60,ec:1a:59:0a:ff:58

1408315952,Radio,209,2437,1152,Data,60:92:17:96:6f:60,ec:1a:59:0a:ff:58

1408315952,Radio,209,2437,1152,Data,60:92:17:96:6f:60,ec:1a:59:0a:ff:58

1408315952,Radio,209,2437,1152,Data,60:92:17:96:6f:60,ec:1a:59:0a:ff:58

1408315953,Radio,195,2437,1152,Data,01:00:5e:00:00:16,08:bd:43:c9:a9:52

1408315954,Radio,208,2437,1152,Data,88:cb:87:91:4e:d2,ec:1a:59:0a:ff:58

1408315954,Radio,171,2437,1152,Data,01:80:c2:00:00:00,08:86:3b:72:e8:3e

1408315955,Radio,171,2437,1152,Probe,8c:58:77:37:be:b6,BROADCAST

1408315955,Radio,168,2437,1152,Probe,8c:58:77:37:be:b6,BROADCAST

1408315955,Radio,189,2437,1152,Data,e4:ce:8f:34:d2:7c,08:bd:43:c9:a9:52

1408315955,Radio,189,2437,1152,Data,e4:ce:8f:34:d2:7c,08:bd:43:c9:a9:52

1408315955,Radio,189,2437,1152,Data,e4:ce:8f:34:d2:7c,08:bd:43:c9:a9:52

1408315955,Radio,188,2437,1152,Data,e4:ce:8f:34:d2:7c,08:bd:43:c9:a9:52

1408315955,Radio,189,2437,1152,Data,e4:ce:8f:34:d2:7c,08:bd:43:c9:a9:52

1408315956,Radio,188,2437,1152,Data,e4:ce:8f:34:d2:7c,08:bd:43:c9:a9:52

1408315957,Radio,207,2437,1152,Data,60:03:08:93:6b:ba,ec:1a:59:0a:ff:58

1408315958,Radio,210,2437,1152,Data,60:03:08:93:6b:ba,ec:1a:59:0a:ff:58

1408315958,Radio,170,2437,1152,Data,01:80:c2:00:00:00,08:86:3b:72:e8:3e

1408315958,Radio,188,2437,1152,Data,e4:ce:8f:34:d2:7c,08:bd:43:c9:a9:52

1408315958,Radio,188,2437,1152,Data,e4:ce:8f:34:d2:7c,08:bd:43:c9:a9:52

1408315958,Radio,188,2437,1152,Data,e4:ce:8f:34:d2:7c,08:bd:43:c9:a9:52

1408315958,Radio,188,2437,1152,Data,e4:ce:8f:34:d2:7c,08:bd:43:c9:a9:52

1408315958,Radio,190,2437,1152,Data,e4:ce:8f:34:d2:7c,08:bd:43:c9:a9:52
