
1408380327,Radio,175,2437,1152,Beacn,3c:77:e6:a3:02:df,DDW36503

1408380327,Radio,169,2437,1152,Data,01:80:c2:00:00:00,08:86:3b:72:e8:3e

1408380328,Radio,169,2437,1152,Data,10:f9:6f:b5:23:b5,00:1e:e5:7c:57:a1

1408380328,Radio,198,2437,1152,Beacn,ec:1a:59:0a:ff:58,belkin.f58

1408380328,Radio,205,2437,1152,Data,60:03:08:93:6b:ba,ec:1a:59:0a:ff:58

1408380329,Radio,165,2437,1152,Data,01:80:c2:00:00:00,08:86:3b:72:e8:3e

1408380329,Radio,173,2437,1152,Beacn,9c:2a:70:2f:d8:e4,TEMS-NMS2

1408380329,Radio,200,2437,1152,Beacn,ec:1a:59:0a:ff:58,belkin.f58

1408380330,Radio,164,2437,1152,Data,ff:ff:ff:ff:ff:ff,84:1b:5e:d6:0e:57

1408380331,Radio,168,2437,1152,Data,01:80:c2:00:00:00,08:86:3b:72:e8:3e

1408380331,Radio,193,2437,1152,Probe,0c:2a:69:07:69:bd,papychulo

1408380331,Radio,192,2437,1152,Probe,0c:2a:69:07:69:bd,papychulo

1408380331,Radio,195,2437,1152,Probe,0c:2a:69:07:69:bd,papychulo

1408380331,Radio,202,2437,1152,Beacn,ec:1a:59:0a:ff:58,belkin.f58

1408380331,Radio,206,2437,1152,Data,60:03:08:93:6b:ba,ec:1a:59:0a:ff:58

1408380331,Radio,200,2437,1152,Probe,0c:2a:69:07:69:bd,papychulo

1408380333,Radio,170,2437,1152,Data,10:f9:6f:b5:23:b5,00:1e:e5:7c:57:a1

1408380333,Radio,168,2437,1152,Data,01:80:c2:00:00:00,08:86:3b:72:e8:3e

1408380333,Radio,202,2437,1152,Beacn,ec:1a:59:0a:ff:58,belkin.f58

1408380333,Radio,207,2437,1152,Data,60:03:08:93:6b:ba,ec:1a:59:0a:ff:58

1408380333,Radio,207,2437,1152,Data,60:03:08:93:6b:ba,ec:1a:59:0a:ff:58

1408380333,Radio,207,2437,1152,Data,60:03:08:93:6b:ba,ec:1a:59:0a:ff:58

1408380333,Radio,207,2437,1152,Data,60:03:08:93:6b:ba,ec:1a:59:0a:ff:58

1408380333,Radio,207,2437,1152,Data,60:03:08:93:6b:ba,ec:1a:59:0a:ff:58

1408380333,Radio,208,2437,1152,Data,60:03:08:93:6b:ba,ec:1a:59:0a:ff:58

1408380333,Radio,208,2437,1152,Data,60:03:08:93:6b:ba,ec:1a:59:0a:ff:58

1408380333,Radio,208,2437,1152,Data,60:03:08:93:6b:ba,ec:1a:59:0a:ff:58

1408380333,Radio,207,2437,1152,Data,60:03:08:93:6b:ba,ec:1a:59:0a:ff:58

1408380335,Radio,169,2437,1152,Beacn,00:23:97:31:f1:44,09FX04022267

1408380335,Radio,169,2437,1152,Data,01:80:c2:00:00:00,08:86:3b:72:e8:3e

1408380336,Radio,171,2437,1152,Beacn,00:1e:e5:7c:57:a1,papychulo

1408380337,Radio,201,2437,1152,Data,01:00:5e:7f:ff:fa,ec:1a:59:0a:ff:58

1408380337,Radio,201,2437,1152,Data,01:00:5e:7f:ff:fa,ec:1a:59:0a:ff:58

1408380337,Radio,201,2437,1152,Data,01:00:5e:7f:ff:fa,ec:1a:59:0a:ff:58

1408380337,Radio,200,2437,1152,Data,01:00:5e:7f:ff:fa,ec:1a:59:0a:ff:58

1408380337,Radio,201,2437,1152,Data,01:00:5e:7f:ff:fa,ec:1a:59:0a:ff:58

1408380337,Radio,200,2437,1152,Data,01:00:5e:7f:ff:fa,ec:1a:59:0a:ff:58

1408380337,Radio,200,2437,1152,Data,01:00:5e:7f:ff:fa,ec:1a:59:0a:ff:58

1408380337,Radio,200,2437,1152,Data,01:00:5e:7f:ff:fa,ec:1a:59:0a:ff:58

1408380337,Radio,200,2437,1152,Data,01:00:5e:7f:ff:fa,ec:1a:59:0a:ff:58

1408380337,Radio,200,2437,1152,Data,01:00:5e:7f:ff:fa,ec:1a:59:0a:ff:58

1408380337,Radio,200,2437,1152,Data,01:00:5e:7f:ff:fa,ec:1a:59:0a:ff:58

1408380337,Radio,201,2437,1152,Data,01:00:5e:7f:ff:fa,ec:1a:59:0a:ff:58

1408380337,Radio,201,2437,1152,Data,01:00:5e:7f:ff:fa,ec:1a:59:0a:ff:58

1408380337,Radio,201,2437,1152,Data,01:00:5e:7f:ff:fa,ec:1a:59:0a:ff:58

1408380337,Radio,201,2437,1152,Data,01:00:5e:7f:ff:fa,ec:1a:59:0a:ff:58

1408380337,Radio,207,2437,1152,Data,60:03:08:93:6b:ba,ec:1a:59:0a:ff:58

1408380338,Radio,201,2437,1152,Data,01:00:5e:7f:ff:fa,ec:1a:59:0a:ff:58

1408380338,Radio,201,2437,1152,Data,01:00:5e:7f:ff:fa,ec:1a:59:0a:ff:58

1408380338,Radio,201,2437,1152,Data,01:00:5e:7f:ff:fa,ec:1a:59:0a:ff:58

1408380338,Radio,201,2437,1152,Data,01:00:5e:7f:ff:fa,ec:1a:59:0a:ff:58

1408380338,Radio,201,2437,1152,Data,01:00:5e:7f:ff:fa,ec:1a:59:0a:ff:58

1408380338,Radio,204,2437,1152,Data,01:00:5e:7f:ff:fa,ec:1a:59:0a:ff:58

1408380338,Radio,204,2437,1152,Data,01:00:5e:7f:ff:fa,ec:1a:59:0a:ff:58

1408380338,Radio,203,2437,1152,Data,01:00:5e:7f:ff:fa,ec:1a:59:0a:ff:58

1408380338,Radio,203,2437,1152,Data,01:00:5e:7f:ff:fa,ec:1a:59:0a:ff:58

1408380338,Radio,201,2437,1152,Data,01:00:5e:7f:ff:fa,ec:1a:59:0a:ff:58

1408380338,Radio,201,2437,1152,Data,01:00:5e:7f:ff:fa,ec:1a:59:0a:ff:58

1408380338,Radio,201,2437,1152,Data,01:00:5e:7f:ff:fa,ec:1a:59:0a:ff:58

1408380338,Radio,204,2437,1152,Data,01:00:5e:7f:ff:fa,ec:1a:59:0a:ff:58

1408380338,Radio,204,2437,1152,Data,01:00:5e:7f:ff:fa,ec:1a:59:0a:ff:58

1408380338,Radio,204,2437,1152,Data,01:00:5e:7f:ff:fa,ec:1a:59:0a:ff:58

1408380338,Radio,203,2437,1152,Data,01:00:5e:7f:ff:fa,ec:1a:59:0a:ff:58

1408380338,Radio,171,2437,1152,Data,10:f9:6f:b5:23:b5,00:1e:e5:7c:57:a1

1408380338,Radio,204,2437,1152,Data,60:92:17:96:6f:60,ec:1a:59:0a:ff:58

1408380339,Radio,201,2437,1152,Beacn,ec:1a:59:0a:ff:58,belkin.f58

1408380339,Radio,201,2437,1152,Data,01:00:5e:00:00:01,ec:1a:59:0a:ff:58

1408380339,Radio,201,2437,1152,Data,01:00:5e:7f:ff:fa,ec:1a:59:0a:ff:58

1408380339,Radio,201,2437,1152,Data,01:00:5e:7f:ff:fa,ec:1a:59:0a:ff:58

1408380339,Radio,201,2437,1152,Data,01:00:5e:7f:ff:fa,ec:1a:59:0a:ff:58

1408380339,Radio,201,2437,1152,Data,01:00:5e:7f:ff:fa,ec:1a:59:0a:ff:58

1408380339,Radio,205,2437,1152,Data,01:00:5e:7f:ff:fa,ec:1a:59:0a:ff:58

1408380339,Radio,204,2437,1152,Data,01:00:5e:7f:ff:fa,ec:1a:59:0a:ff:58

1408380339,Radio,204,2437,1152,Data,01:00:5e:7f:ff:fa,ec:1a:59:0a:ff:58

1408380339,Radio,200,2437,1152,Data,01:00:5e:7f:ff:fa,ec:1a:59:0a:ff:58

1408380339,Radio,200,2437,1152,Data,01:00:5e:7f:ff:fa,ec:1a:59:0a:ff:58

1408380339,Radio,200,2437,1152,Data,01:00:5e:7f:ff:fa,ec:1a:59:0a:ff:58

1408380339,Radio,200,2437,1152,Data,01:00:5e:7f:ff:fa,ec:1a:59:0a:ff:58

1408380339,Radio,200,2437,1152,Data,01:00:5e:7f:ff:fa,ec:1a:59:0a:ff:58

1408380339,Radio,200,2437,1152,Data,01:00:5e:7f:ff:fa,ec:1a:59:0a:ff:58

1408380339,Radio,200,2437,1152,Data,01:00:5e:7f:ff:fa,ec:1a:59:0a:ff:58

1408380339,Radio,201,2437,1152,Data,01:00:5e:7f:ff:fa,ec:1a:59:0a:ff:58

1408380339,Radio,201,2437,1152,Data,01:00:5e:7f:ff:fa,ec:1a:59:0a:ff:58

1408380339,Radio,205,2437,1152,Data,60:03:08:93:6b:ba,ec:1a:59:0a:ff:58

1408380339,Radio,205,2437,1152,Data,60:03:08:93:6b:ba,ec:1a:59:0a:ff:58

1408380339,Radio,205,2437,1152,Data,60:03:08:93:6b:ba,ec:1a:59:0a:ff:58

1408380340,Radio,205,2437,1152,Data,60:03:08:93:6b:ba,ec:1a:59:0a:ff:58

1408380340,Radio,204,2437,1152,Data,60:03:08:93:6b:ba,ec:1a:59:0a:ff:58

1408380340,Radio,205,2437,1152,Data,60:03:08:93:6b:ba,ec:1a:59:0a:ff:58

1408380340,Radio,205,2437,1152,Data,60:03:08:93:6b:ba,ec:1a:59:0a:ff:58

1408380340,Radio,205,2437,1152,Data,60:03:08:93:6b:ba,ec:1a:59:0a:ff:58

1408380340,Radio,205,2437,1152,Data,60:03:08:93:6b:ba,ec:1a:59:0a:ff:58

1408380340,Radio,205,2437,1152,Data,60:03:08:93:6b:ba,ec:1a:59:0a:ff:58

1408380340,Radio,205,2437,1152,Data,60:03:08:93:6b:ba,ec:1a:59:0a:ff:58

1408380340,Radio,204,2437,1152,Data,01:00:5e:7f:ff:fa,ec:1a:59:0a:ff:58

1408380343,Radio,176,2437,1152,Beacn,f8:e4:fb:f0:94:81,TJHBS

1408380343,Radio,201,2437,1152,Beacn,ec:1a:59:0a:ff:58,belkin.f58

1408380343,Radio,206,2437,1152,Data,60:03:08:93:6b:ba,ec:1a:59:0a:ff:58

1408380345,Radio,205,2437,1152,Data,60:03:08:93:6b:ba,ec:1a:59:0a:ff:58

1408380345,Radio,205,2437,1152,Data,60:03:08:93:6b:ba,ec:1a:59:0a:ff:58

1408380345,Radio,205,2437,1152,Data,60:03:08:93:6b:ba,ec:1a:59:0a:ff:58

1408380345,Radio,205,2437,1152,Data,60:03:08:93:6b:ba,ec:1a:59:0a:ff:58

1408380345,Radio,205,2437,1152,Data,60:03:08:93:6b:ba,ec:1a:59:0a:ff:58

1408380345,Radio,205,2437,1152,Data,60:03:08:93:6b:ba,ec:1a:59:0a:ff:58

1408380345,Radio,205,2437,1152,Data,60:03:08:93:6b:ba,ec:1a:59:0a:ff:58

1408380345,Radio,205,2437,1152,Data,60:03:08:93:6b:ba,ec:1a:59:0a:ff:58

1408380345,Radio,205,2437,1152,Data,60:03:08:93:6b:ba,ec:1a:59:0a:ff:58

1408380345,Radio,205,2437,1152,Data,60:03:08:93:6b:ba,ec:1a:59:0a:ff:58

1408380345,Radio,205,2437,1152,Data,60:03:08:93:6b:ba,ec:1a:59:0a:ff:58

1408380345,Radio,205,2437,1152,Data,60:03:08:93:6b:ba,ec:1a:59:0a:ff:58

1408380345,Radio,205,2437,1152,Data,60:03:08:93:6b:ba,ec:1a:59:0a:ff:58

1408380345,Radio,205,2437,1152,Data,60:03:08:93:6b:ba,ec:1a:59:0a:ff:58

1408380345,Radio,205,2437,1152,Data,60:03:08:93:6b:ba,ec:1a:59:0a:ff:58

1408380345,Radio,205,2437,1152,Data,60:03:08:93:6b:ba,ec:1a:59:0a:ff:58

1408380345,Radio,205,2437,1152,Data,60:03:08:93:6b:ba,ec:1a:59:0a:ff:58

1408380345,Radio,205,2437,1152,Data,60:03:08:93:6b:ba,ec:1a:59:0a:ff:58

1408380345,Radio,205,2437,1152,Data,60:03:08:93:6b:ba,ec:1a:59:0a:ff:58

1408380345,Radio,205,2437,1152,Data,60:03:08:93:6b:ba,ec:1a:59:0a:ff:58

1408380345,Radio,177,2437,1152,Beacn,f8:e4:fb:f0:94:81,TJHBS

1408380346,Radio,205,2437,1152,Data,60:03:08:93:6b:ba,ec:1a:59:0a:ff:58

1408380346,Radio,205,2437,1152,Data,60:03:08:93:6b:ba,ec:1a:59:0a:ff:58

1408380346,Radio,206,2437,1152,Data,60:03:08:93:6b:ba,ec:1a:59:0a:ff:58

1408380346,Radio,205,2437,1152,Data,60:03:08:93:6b:ba,ec:1a:59:0a:ff:58

1408380346,Radio,205,2437,1152,Data,60:03:08:93:6b:ba,ec:1a:59:0a:ff:58

1408380346,Radio,205,2437,1152,Data,60:03:08:93:6b:ba,ec:1a:59:0a:ff:58

1408380346,Radio,205,2437,1152,Data,60:03:08:93:6b:ba,ec:1a:59:0a:ff:58

1408380346,Radio,205,2437,1152,Data,60:03:08:93:6b:ba,ec:1a:59:0a:ff:58

1408380346,Radio,205,2437,1152,Data,60:03:08:93:6b:ba,ec:1a:59:0a:ff:58

1408380346,Radio,206,2437,1152,Data,60:03:08:93:6b:ba,ec:1a:59:0a:ff:58

1408380346,Radio,201,2437,1152,Beacn,ec:1a:59:0a:ff:58,belkin.f58

1408380346,Radio,205,2437,1152,Data,60:03:08:93:6b:ba,ec:1a:59:0a:ff:58

1408380346,Radio,205,2437,1152,Data,60:03:08:93:6b:ba,ec:1a:59:0a:ff:58

1408380346,Radio,205,2437,1152,Data,60:03:08:93:6b:ba,ec:1a:59:0a:ff:58

1408380346,Radio,205,2437,1152,Data,60:03:08:93:6b:ba,ec:1a:59:0a:ff:58

1408380346,Radio,205,2437,1152,Data,60:03:08:93:6b:ba,ec:1a:59:0a:ff:58

1408380347,Radio,204,2437,1152,Data,60:03:08:93:6b:ba,ec:1a:59:0a:ff:58

1408380347,Radio,205,2437,1152,Data,60:03:08:93:6b:ba,ec:1a:59:0a:ff:58

1408380347,Radio,205,2437,1152,Data,60:03:08:93:6b:ba,ec:1a:59:0a:ff:58

1408380347,Radio,205,2437,1152,Data,60:03:08:93:6b:ba,ec:1a:59:0a:ff:58

1408380347,Radio,205,2437,1152,Data,60:03:08:93:6b:ba,ec:1a:59:0a:ff:58

1408380347,Radio,169,2437,1152,Data,60:03:08:93:6b:ba,ec:1a:59:0a:ff:58

1408380347,Radio,169,2437,1152,Data,60:03:08:93:6b:ba,ec:1a:59:0a:ff:58

1408380347,Radio,205,2437,1152,Data,60:03:08:93:6b:ba,ec:1a:59:0a:ff:58

1408380347,Radio,205,2437,1152,Data,60:03:08:93:6b:ba,ec:1a:59:0a:ff:58

1408380347,Radio,205,2437,1152,Data,60:03:08:93:6b:ba,ec:1a:59:0a:ff:58

1408380347,Radio,205,2437,1152,Data,60:03:08:93:6b:ba,ec:1a:59:0a:ff:58

1408380347,Radio,205,2437,1152,Data,60:03:08:93:6b:ba,ec:1a:59:0a:ff:58

1408380347,Radio,205,2437,1152,Data,60:03:08:93:6b:ba,ec:1a:59:0a:ff:58

1408380347,Radio,168,2437,1152,Data,01:80:c2:00:00:00,08:86:3b:72:e8:3e

1408380348,Radio,171,2437,1152,Probe,9c:d2:1e:80:6f:07,Samsung Galaxy S II_1163

1408380348,Radio,170,2437,1152,Probe,9c:d2:1e:80:6f:07,BROADCAST

1408380348,Radio,171,2437,1152,Probe,9c:d2:1e:80:6f:07,Samsung Galaxy S II_1163

1408380348,Radio,170,2437,1152,Probe,9c:d2:1e:80:6f:07,BROADCAST

1408380348,Radio,171,2437,1152,Data,10:f9:6f:b5:23:b5,00:1e:e5:7c:57:a1

1408380348,Radio,170,2437,1152,Data,10:f9:6f:b5:23:b5,00:1e:e5:7c:57:a1

1408380348,Radio,170,2437,1152,Data,10:f9:6f:b5:23:b5,00:1e:e5:7c:57:a1

1408380348,Radio,171,2437,1152,Data,10:f9:6f:b5:23:b5,00:1e:e5:7c:57:a1

1408380349,Radio,202,2437,1152,Beacn,ec:1a:59:0a:ff:58,belkin.f58

1408380351,Radio,206,2437,1152,Data,60:03:08:93:6b:ba,ec:1a:59:0a:ff:58

1408380351,Radio,206,2437,1152,Data,60:03:08:93:6b:ba,ec:1a:59:0a:ff:58

1408380351,Radio,206,2437,1152,Data,60:03:08:93:6b:ba,ec:1a:59:0a:ff:58

1408380351,Radio,206,2437,1152,Data,60:03:08:93:6b:ba,ec:1a:59:0a:ff:58

1408380351,Radio,206,2437,1152,Data,60:03:08:93:6b:ba,ec:1a:59:0a:ff:58

1408380351,Radio,206,2437,1152,Data,60:03:08:93:6b:ba,ec:1a:59:0a:ff:58

1408380351,Radio,206,2437,1152,Data,60:03:08:93:6b:ba,ec:1a:59:0a:ff:58

1408380351,Radio,206,2437,1152,Data,60:03:08:93:6b:ba,ec:1a:59:0a:ff:58

1408380351,Radio,206,2437,1152,Data,60:03:08:93:6b:ba,ec:1a:59:0a:ff:58

1408380351,Radio,206,2437,1152,Data,60:03:08:93:6b:ba,ec:1a:59:0a:ff:58

1408380351,Radio,206,2437,1152,Data,60:03:08:93:6b:ba,ec:1a:59:0a:ff:58

1408380351,Radio,206,2437,1152,Data,60:03:08:93:6b:ba,ec:1a:59:0a:ff:58

1408380351,Radio,206,2437,1152,Data,60:03:08:93:6b:ba,ec:1a:59:0a:ff:58

1408380351,Radio,206,2437,1152,Data,60:03:08:93:6b:ba,ec:1a:59:0a:ff:58

1408380351,Radio,206,2437,1152,Data,60:03:08:93:6b:ba,ec:1a:59:0a:ff:58

1408380351,Radio,206,2437,1152,Data,60:03:08:93:6b:ba,ec:1a:59:0a:ff:58

1408380351,Radio,206,2437,1152,Data,60:03:08:93:6b:ba,ec:1a:59:0a:ff:58

1408380351,Radio,206,2437,1152,Data,60:03:08:93:6b:ba,ec:1a:59:0a:ff:58

1408380351,Radio,206,2437,1152,Data,60:03:08:93:6b:ba,ec:1a:59:0a:ff:58

1408380351,Radio,206,2437,1152,Data,60:03:08:93:6b:ba,ec:1a:59:0a:ff:58

1408380351,Radio,206,2437,1152,Data,60:03:08:93:6b:ba,ec:1a:59:0a:ff:58

1408380351,Radio,206,2437,1152,Data,60:03:08:93:6b:ba,ec:1a:59:0a:ff:58

1408380351,Radio,206,2437,1152,Data,60:03:08:93:6b:ba,ec:1a:59:0a:ff:58

1408380351,Radio,206,2437,1152,Data,60:03:08:93:6b:ba,ec:1a:59:0a:ff:58

1408380351,Radio,206,2437,1152,Data,60:03:08:93:6b:ba,ec:1a:59:0a:ff:58

1408380351,Radio,205,2437,1152,Data,60:03:08:93:6b:ba,ec:1a:59:0a:ff:58

1408380352,Radio,206,2437,1152,Data,60:03:08:93:6b:ba,ec:1a:59:0a:ff:58

1408380352,Radio,206,2437,1152,Data,60:03:08:93:6b:ba,ec:1a:59:0a:ff:58

1408380352,Radio,205,2437,1152,Data,60:03:08:93:6b:ba,ec:1a:59:0a:ff:58

1408380352,Radio,206,2437,1152,Data,60:03:08:93:6b:ba,ec:1a:59:0a:ff:58

1408380352,Radio,206,2437,1152,Data,60:03:08:93:6b:ba,ec:1a:59:0a:ff:58

1408380352,Radio,206,2437,1152,Data,60:03:08:93:6b:ba,ec:1a:59:0a:ff:58

1408380352,Radio,206,2437,1152,Data,60:03:08:93:6b:ba,ec:1a:59:0a:ff:58

1408380352,Radio,206,2437,1152,Data,60:03:08:93:6b:ba,ec:1a:59:0a:ff:58

1408380352,Radio,205,2437,1152,Data,60:03:08:93:6b:ba,ec:1a:59:0a:ff:58

1408380352,Radio,206,2437,1152,Data,60:03:08:93:6b:ba,ec:1a:59:0a:ff:58

1408380352,Radio,206,2437,1152,Data,60:03:08:93:6b:ba,ec:1a:59:0a:ff:58

1408380352,Radio,206,2437,1152,Data,60:03:08:93:6b:ba,ec:1a:59:0a:ff:58

1408380352,Radio,206,2437,1152,Data,60:03:08:93:6b:ba,ec:1a:59:0a:ff:58

1408380352,Radio,206,2437,1152,Data,60:03:08:93:6b:ba,ec:1a:59:0a:ff:58

1408380352,Radio,206,2437,1152,Data,60:03:08:93:6b:ba,ec:1a:59:0a:ff:58

1408380352,Radio,206,2437,1152,Data,60:03:08:93:6b:ba,ec:1a:59:0a:ff:58

1408380352,Radio,204,2437,1152,Beacn,ec:1a:59:0a:ff:58,belkin.f58

1408380352,Radio,207,2437,1152,Data,60:03:08:93:6b:ba,ec:1a:59:0a:ff:58

1408380352,Radio,207,2437,1152,Data,60:03:08:93:6b:ba,ec:1a:59:0a:ff:58

1408380352,Radio,207,2437,1152,Data,60:03:08:93:6b:ba,ec:1a:59:0a:ff:58

1408380352,Radio,207,2437,1152,Data,60:03:08:93:6b:ba,ec:1a:59:0a:ff:58

1408380352,Radio,207,2437,1152,Data,60:03:08:93:6b:ba,ec:1a:59:0a:ff:58

1408380352,Radio,207,2437,1152,Data,60:03:08:93:6b:ba,ec:1a:59:0a:ff:58

1408380352,Radio,207,2437,1152,Data,60:03:08:93:6b:ba,ec:1a:59:0a:ff:58

1408380352,Radio,207,2437,1152,Data,60:03:08:93:6b:ba,ec:1a:59:0a:ff:58

1408380352,Radio,207,2437,1152,Data,60:03:08:93:6b:ba,ec:1a:59:0a:ff:58

1408380352,Radio,207,2437,1152,Data,60:03:08:93:6b:ba,ec:1a:59:0a:ff:58

1408380352,Radio,207,2437,1152,Data,60:03:08:93:6b:ba,ec:1a:59:0a:ff:58

1408380352,Radio,207,2437,1152,Data,60:03:08:93:6b:ba,ec:1a:59:0a:ff:58

1408380352,Radio,207,2437,1152,Data,60:03:08:93:6b:ba,ec:1a:59:0a:ff:58

1408380352,Radio,207,2437,1152,Data,60:03:08:93:6b:ba,ec:1a:59:0a:ff:58

1408380352,Radio,207,2437,1152,Data,60:03:08:93:6b:ba,ec:1a:59:0a:ff:58

1408380352,Radio,207,2437,1152,Data,60:03:08:93:6b:ba,ec:1a:59:0a:ff:58

1408380352,Radio,207,2437,1152,Data,60:03:08:93:6b:ba,ec:1a:59:0a:ff:58

1408380352,Radio,207,2437,1152,Data,60:03:08:93:6b:ba,ec:1a:59:0a:ff:58

1408380352,Radio,207,2437,1152,Data,60:03:08:93:6b:ba,ec:1a:59:0a:ff:58

1408380352,Radio,207,2437,1152,Data,60:03:08:93:6b:ba,ec:1a:59:0a:ff:58

1408380352,Radio,207,2437,1152,Data,60:03:08:93:6b:ba,ec:1a:59:0a:ff:58

1408380352,Radio,207,2437,1152,Data,60:03:08:93:6b:ba,ec:1a:59:0a:ff:58

1408380352,Radio,207,2437,1152,Data,60:03:08:93:6b:ba,ec:1a:59:0a:ff:58

1408380352,Radio,207,2437,1152,Data,60:03:08:93:6b:ba,ec:1a:59:0a:ff:58

1408380352,Radio,207,2437,1152,Data,60:03:08:93:6b:ba,ec:1a:59:0a:ff:58

1408380352,Radio,207,2437,1152,Data,60:03:08:93:6b:ba,ec:1a:59:0a:ff:58

1408380352,Radio,207,2437,1152,Data,60:03:08:93:6b:ba,ec:1a:59:0a:ff:58

1408380352,Radio,207,2437,1152,Data,60:03:08:93:6b:ba,ec:1a:59:0a:ff:58

1408380352,Radio,207,2437,1152,Data,60:03:08:93:6b:ba,ec:1a:59:0a:ff:58

1408380352,Radio,207,2437,1152,Data,60:03:08:93:6b:ba,ec:1a:59:0a:ff:58

1408380352,Radio,207,2437,1152,Data,60:03:08:93:6b:ba,ec:1a:59:0a:ff:58

1408380352,Radio,207,2437,1152,Data,60:03:08:93:6b:ba,ec:1a:59:0a:ff:58

1408380352,Radio,207,2437,1152,Data,60:03:08:93:6b:ba,ec:1a:59:0a:ff:58

1408380352,Radio,207,2437,1152,Data,60:03:08:93:6b:ba,ec:1a:59:0a:ff:58

1408380352,Radio,207,2437,1152,Data,60:03:08:93:6b:ba,ec:1a:59:0a:ff:58

1408380352,Radio,207,2437,1152,Data,60:03:08:93:6b:ba,ec:1a:59:0a:ff:58

1408380352,Radio,207,2437,1152,Data,60:03:08:93:6b:ba,ec:1a:59:0a:ff:58

1408380352,Radio,207,2437,1152,Data,60:03:08:93:6b:ba,ec:1a:59:0a:ff:58

1408380352,Radio,207,2437,1152,Data,60:03:08:93:6b:ba,ec:1a:59:0a:ff:58

1408380352,Radio,207,2437,1152,Data,60:03:08:93:6b:ba,ec:1a:59:0a:ff:58

1408380352,Radio,207,2437,1152,Data,60:03:08:93:6b:ba,ec:1a:59:0a:ff:58

1408380352,Radio,207,2437,1152,Data,60:03:08:93:6b:ba,ec:1a:59:0a:ff:58

1408380352,Radio,207,2437,1152,Data,60:03:08:93:6b:ba,ec:1a:59:0a:ff:58

1408380352,Radio,207,2437,1152,Data,60:03:08:93:6b:ba,ec:1a:59:0a:ff:58

1408380352,Radio,207,2437,1152,Data,60:03:08:93:6b:ba,ec:1a:59:0a:ff:58

1408380352,Radio,207,2437,1152,Data,60:03:08:93:6b:ba,ec:1a:59:0a:ff:58

1408380352,Radio,207,2437,1152,Data,60:03:08:93:6b:ba,ec:1a:59:0a:ff:58

1408380352,Radio,207,2437,1152,Data,60:03:08:93:6b:ba,ec:1a:59:0a:ff:58

1408380352,Radio,207,2437,1152,Data,60:03:08:93:6b:ba,ec:1a:59:0a:ff:58

1408380352,Radio,207,2437,1152,Data,60:03:08:93:6b:ba,ec:1a:59:0a:ff:58

1408380352,Radio,207,2437,1152,Data,60:03:08:93:6b:ba,ec:1a:59:0a:ff:58

1408380352,Radio,207,2437,1152,Data,60:03:08:93:6b:ba,ec:1a:59:0a:ff:58

1408380352,Radio,207,2437,1152,Data,60:03:08:93:6b:ba,ec:1a:59:0a:ff:58

1408380352,Radio,207,2437,1152,Data,60:03:08:93:6b:ba,ec:1a:59:0a:ff:58

1408380352,Radio,207,2437,1152,Data,60:03:08:93:6b:ba,ec:1a:59:0a:ff:58

1408380354,Radio,187,2437,1152,Beacn,0a:bd:43:cf:82:a2,NETGEAR-Guest

1408380355,Radio,167,2437,1152,Data,01:80:c2:00:00:00,08:86:3b:72:e8:3e

1408380357,Radio,205,2437,1152,Beacn,ec:1a:59:0a:ff:58,belkin.f58

1408380357,Radio,208,2437,1152,Data,60:03:08:93:6b:ba,ec:1a:59:0a:ff:58

1408380358,Radio,204,2437,1152,Beacn,ec:1a:59:0a:ff:58,belkin.f58

1408380358,Radio,206,2437,1152,Data,60:03:08:93:6b:ba,ec:1a:59:0a:ff:58
